Build started 30-Dec-20 2:35:08 AM.
     1>Project "D:\Download\Tu Anh-20201229T180627Z-001\Nghi\Nghi's app\Nghi's app\Nghi_s app.vcxproj" on node 2 (Build target(s)).
     1>C:\Program Files (x86)\MSBuild\Microsoft.Cpp\v4.0\V120\Microsoft.CppBuild.targets(357,5): warning MSB8004: Output Directory does not end with a trailing slash.  This build instance will add the slash as it is required to allow proper evaluation of the Output Directory.
     1>C:\Program Files (x86)\MSBuild\Microsoft.Cpp\v4.0\V120\Microsoft.CppBuild.targets(381,5): warning MSB8028: The intermediate directory (Debug\) contains files shared from another project (Nghis app.vcxproj).  This can lead to incorrect clean and rebuild behavior.
     1>ClCompile:
         C:\Program Files (x86)\Microsoft Visual Studio 12.0\VC\bin\CL.exe /c /AI"C:\Program Files (x86)\Reference Assemblies\Microsoft\Framework\.NETFramework\v4.0" /AI"C:\Program Files (x86)\Windows Kits\8.1\References\CommonConfiguration\Neutral" /Zi /clr /nologo /W3 /WX- /sdl /Od /Oy- /D _CRT_SECURE_NO_WARNINGS /D _MBCS /Gm- /EHa /MDd /GS /fp:precise /Zc:wchar_t /Zc:forScope /Fo"Debug\\" /Fd"Debug\vc120.pdb" /Gd /TP /FU"C:\Program Files (x86)\Reference Assemblies\Microsoft\Framework\.NETFramework\v4.0\mscorlib.dll" /FU"C:\Program Files (x86)\Reference Assemblies\Microsoft\Framework\.NETFramework\v4.0\System.Data.dll" /FU"C:\Program Files (x86)\Reference Assemblies\Microsoft\Framework\.NETFramework\v4.0\System.dll" /FU"C:\Program Files (x86)\Reference Assemblies\Microsoft\Framework\.NETFramework\v4.0\System.Drawing.dll" /FU"C:\Program Files (x86)\Reference Assemblies\Microsoft\Framework\.NETFramework\v4.0\System.Windows.Forms.dll" /FU"C:\Program Files (x86)\Reference Assemblies\Microsoft\Framework\.NETFramework\v4.0\System.Xml.dll" /analyze- /errorReport:prompt /clr:nostdlib "..\..\Nghi's app\Nghi's app\Album.cpp" "..\..\Nghi's app\Nghi's app\MemorADD2.cpp" "..\..\Nghi's app\Nghi's app\NNYT.cpp" "..\..\Nghi's app\Nghi's app\NNYTProgress.cpp" "..\..\Nghi's app\Nghi's app\StartForm1.cpp" GUI.cpp
         Album.cpp
     1>d:\download\tu anh-20201229t180627z-001\nghi\nghi's app\nghi's app\MemorADD2.h(303): warning C4129: 's' : unrecognized character escape sequence
     1>d:\download\tu anh-20201229t180627z-001\nghi\nghi's app\nghi's app\Album.h(164): warning C4101: 'e' : unreferenced local variable
     1>d:\download\tu anh-20201229t180627z-001\nghi\nghi's app\nghi's app\Album.h(258): warning C4101: 'filename' : unreferenced local variable
         MemorADD2.cpp
     1>d:\download\tu anh-20201229t180627z-001\nghi\nghi's app\nghi's app\MemorADD2.h(303): warning C4129: 's' : unrecognized character escape sequence
         NNYT.cpp
     1>d:\download\tu anh-20201229t180627z-001\nghi\nghi's app\nghi's app\NNYTProgress.h(121): warning C4244: 'argument' : conversion from 'double' to 'int', possible loss of data
     1>d:\download\tu anh-20201229t180627z-001\nghi\nghi's app\nghi's app\NNYT.h(152): warning C4244: 'argument' : conversion from 'double' to 'int', possible loss of data
         NNYTProgress.cpp
     1>d:\download\tu anh-20201229t180627z-001\nghi\nghi's app\nghi's app\NNYTProgress.h(121): warning C4244: 'argument' : conversion from 'double' to 'int', possible loss of data
         StartForm1.cpp
     1>d:\download\tu anh-20201229t180627z-001\nghi\nghi's app\nghi's app\NNYTProgress.h(121): warning C4244: 'argument' : conversion from 'double' to 'int', possible loss of data
     1>d:\download\tu anh-20201229t180627z-001\nghi\nghi's app\nghi's app\NNYT.h(152): warning C4244: 'argument' : conversion from 'double' to 'int', possible loss of data
     1>d:\download\tu anh-20201229t180627z-001\nghi\nghi's app\nghi's app\Callendar.h(325): warning C4305: 'argument' : truncation from 'double' to 'float'
     1>d:\download\tu anh-20201229t180627z-001\nghi\nghi's app\nghi's app\Callendar.h(326): warning C4305: 'argument' : truncation from 'double' to 'float'
     1>d:\download\tu anh-20201229t180627z-001\nghi\nghi's app\nghi's app\Callendar.h(327): warning C4305: 'argument' : truncation from 'double' to 'float'
     1>d:\download\tu anh-20201229t180627z-001\nghi\nghi's app\nghi's app\Callendar.h(328): warning C4305: 'argument' : truncation from 'double' to 'float'
     1>d:\download\tu anh-20201229t180627z-001\nghi\nghi's app\nghi's app\Callendar.h(329): warning C4305: 'argument' : truncation from 'double' to 'float'
     1>d:\download\tu anh-20201229t180627z-001\nghi\nghi's app\nghi's app\Callendar.h(330): warning C4305: 'argument' : truncation from 'double' to 'float'
     1>d:\download\tu anh-20201229t180627z-001\nghi\nghi's app\nghi's app\Memor.h(322): warning C4258: 'i' : definition from the for loop is ignored; the definition from the enclosing scope is used
                 d:\download\tu anh-20201229t180627z-001\nghi\nghi's app\nghi's app\Memor.h(317) : definition of 'i' ignored
                 d:\download\tu anh-20201229t180627z-001\nghi\nghi's app\nghi's app\Memor.h(284) : definition of 'i' used
     1>d:\download\tu anh-20201229t180627z-001\nghi\nghi's app\nghi's app\Memor.h(323): warning C4258: 'i' : definition from the for loop is ignored; the definition from the enclosing scope is used
                 d:\download\tu anh-20201229t180627z-001\nghi\nghi's app\nghi's app\Memor.h(317) : definition of 'i' ignored
                 d:\download\tu anh-20201229t180627z-001\nghi\nghi's app\nghi's app\Memor.h(284) : definition of 'i' used
     1>d:\download\tu anh-20201229t180627z-001\nghi\nghi's app\nghi's app\Memor.h(324): warning C4258: 'i' : definition from the for loop is ignored; the definition from the enclosing scope is used
                 d:\download\tu anh-20201229t180627z-001\nghi\nghi's app\nghi's app\Memor.h(317) : definition of 'i' ignored
                 d:\download\tu anh-20201229t180627z-001\nghi\nghi's app\nghi's app\Memor.h(284) : definition of 'i' used
     1>d:\download\tu anh-20201229t180627z-001\nghi\nghi's app\nghi's app\Memor.h(325): warning C4258: 'i' : definition from the for loop is ignored; the definition from the enclosing scope is used
                 d:\download\tu anh-20201229t180627z-001\nghi\nghi's app\nghi's app\Memor.h(317) : definition of 'i' ignored
                 d:\download\tu anh-20201229t180627z-001\nghi\nghi's app\nghi's app\Memor.h(284) : definition of 'i' used
     1>d:\download\tu anh-20201229t180627z-001\nghi\nghi's app\nghi's app\Memor.h(326): warning C4258: 'i' : definition from the for loop is ignored; the definition from the enclosing scope is used
                 d:\download\tu anh-20201229t180627z-001\nghi\nghi's app\nghi's app\Memor.h(317) : definition of 'i' ignored
                 d:\download\tu anh-20201229t180627z-001\nghi\nghi's app\nghi's app\Memor.h(284) : definition of 'i' used
     1>d:\download\tu anh-20201229t180627z-001\nghi\nghi's app\nghi's app\Memor.h(485): warning C4258: 'i' : definition from the for loop is ignored; the definition from the enclosing scope is used
                 d:\download\tu anh-20201229t180627z-001\nghi\nghi's app\nghi's app\Memor.h(480) : definition of 'i' ignored
                 d:\download\tu anh-20201229t180627z-001\nghi\nghi's app\nghi's app\Memor.h(447) : definition of 'i' used
     1>d:\download\tu anh-20201229t180627z-001\nghi\nghi's app\nghi's app\Memor.h(486): warning C4258: 'i' : definition from the for loop is ignored; the definition from the enclosing scope is used
                 d:\download\tu anh-20201229t180627z-001\nghi\nghi's app\nghi's app\Memor.h(480) : definition of 'i' ignored
                 d:\download\tu anh-20201229t180627z-001\nghi\nghi's app\nghi's app\Memor.h(447) : definition of 'i' used
     1>d:\download\tu anh-20201229t180627z-001\nghi\nghi's app\nghi's app\Memor.h(487): warning C4258: 'i' : definition from the for loop is ignored; the definition from the enclosing scope is used
                 d:\download\tu anh-20201229t180627z-001\nghi\nghi's app\nghi's app\Memor.h(480) : definition of 'i' ignored
                 d:\download\tu anh-20201229t180627z-001\nghi\nghi's app\nghi's app\Memor.h(447) : definition of 'i' used
     1>d:\download\tu anh-20201229t180627z-001\nghi\nghi's app\nghi's app\Memor.h(488): warning C4258: 'i' : definition from the for loop is ignored; the definition from the enclosing scope is used
                 d:\download\tu anh-20201229t180627z-001\nghi\nghi's app\nghi's app\Memor.h(480) : definition of 'i' ignored
                 d:\download\tu anh-20201229t180627z-001\nghi\nghi's app\nghi's app\Memor.h(447) : definition of 'i' used
     1>d:\download\tu anh-20201229t180627z-001\nghi\nghi's app\nghi's app\Memor.h(489): warning C4258: 'i' : definition from the for loop is ignored; the definition from the enclosing scope is used
                 d:\download\tu anh-20201229t180627z-001\nghi\nghi's app\nghi's app\Memor.h(480) : definition of 'i' ignored
                 d:\download\tu anh-20201229t180627z-001\nghi\nghi's app\nghi's app\Memor.h(447) : definition of 'i' used
     1>d:\download\tu anh-20201229t180627z-001\nghi\nghi's app\nghi's app\MemorADD2.h(303): warning C4129: 's' : unrecognized character escape sequence
     1>d:\download\tu anh-20201229t180627z-001\nghi\nghi's app\nghi's app\Album.h(164): warning C4101: 'e' : unreferenced local variable
     1>d:\download\tu anh-20201229t180627z-001\nghi\nghi's app\nghi's app\Album.h(258): warning C4101: 'filename' : unreferenced local variable
         GUI.cpp
     1>d:\download\tu anh-20201229t180627z-001\nghi\nghi's app\nghi's app\NNYTProgress.h(121): warning C4244: 'argument' : conversion from 'double' to 'int', possible loss of data
     1>d:\download\tu anh-20201229t180627z-001\nghi\nghi's app\nghi's app\NNYT.h(152): warning C4244: 'argument' : conversion from 'double' to 'int', possible loss of data
     1>d:\download\tu anh-20201229t180627z-001\nghi\nghi's app\nghi's app\Callendar.h(325): warning C4305: 'argument' : truncation from 'double' to 'float'
     1>d:\download\tu anh-20201229t180627z-001\nghi\nghi's app\nghi's app\Callendar.h(326): warning C4305: 'argument' : truncation from 'double' to 'float'
     1>d:\download\tu anh-20201229t180627z-001\nghi\nghi's app\nghi's app\Callendar.h(327): warning C4305: 'argument' : truncation from 'double' to 'float'
     1>d:\download\tu anh-20201229t180627z-001\nghi\nghi's app\nghi's app\Callendar.h(328): warning C4305: 'argument' : truncation from 'double' to 'float'
     1>d:\download\tu anh-20201229t180627z-001\nghi\nghi's app\nghi's app\Callendar.h(329): warning C4305: 'argument' : truncation from 'double' to 'float'
     1>d:\download\tu anh-20201229t180627z-001\nghi\nghi's app\nghi's app\Callendar.h(330): warning C4305: 'argument' : truncation from 'double' to 'float'
     1>d:\download\tu anh-20201229t180627z-001\nghi\nghi's app\nghi's app\Memor.h(322): warning C4258: 'i' : definition from the for loop is ignored; the definition from the enclosing scope is used
                 d:\download\tu anh-20201229t180627z-001\nghi\nghi's app\nghi's app\Memor.h(317) : definition of 'i' ignored
                 d:\download\tu anh-20201229t180627z-001\nghi\nghi's app\nghi's app\Memor.h(284) : definition of 'i' used
     1>d:\download\tu anh-20201229t180627z-001\nghi\nghi's app\nghi's app\Memor.h(323): warning C4258: 'i' : definition from the for loop is ignored; the definition from the enclosing scope is used
                 d:\download\tu anh-20201229t180627z-001\nghi\nghi's app\nghi's app\Memor.h(317) : definition of 'i' ignored
                 d:\download\tu anh-20201229t180627z-001\nghi\nghi's app\nghi's app\Memor.h(284) : definition of 'i' used
     1>d:\download\tu anh-20201229t180627z-001\nghi\nghi's app\nghi's app\Memor.h(324): warning C4258: 'i' : definition from the for loop is ignored; the definition from the enclosing scope is used
                 d:\download\tu anh-20201229t180627z-001\nghi\nghi's app\nghi's app\Memor.h(317) : definition of 'i' ignored
                 d:\download\tu anh-20201229t180627z-001\nghi\nghi's app\nghi's app\Memor.h(284) : definition of 'i' used
     1>d:\download\tu anh-20201229t180627z-001\nghi\nghi's app\nghi's app\Memor.h(325): warning C4258: 'i' : definition from the for loop is ignored; the definition from the enclosing scope is used
                 d:\download\tu anh-20201229t180627z-001\nghi\nghi's app\nghi's app\Memor.h(317) : definition of 'i' ignored
                 d:\download\tu anh-20201229t180627z-001\nghi\nghi's app\nghi's app\Memor.h(284) : definition of 'i' used
     1>d:\download\tu anh-20201229t180627z-001\nghi\nghi's app\nghi's app\Memor.h(326): warning C4258: 'i' : definition from the for loop is ignored; the definition from the enclosing scope is used
                 d:\download\tu anh-20201229t180627z-001\nghi\nghi's app\nghi's app\Memor.h(317) : definition of 'i' ignored
                 d:\download\tu anh-20201229t180627z-001\nghi\nghi's app\nghi's app\Memor.h(284) : definition of 'i' used
     1>d:\download\tu anh-20201229t180627z-001\nghi\nghi's app\nghi's app\Memor.h(485): warning C4258: 'i' : definition from the for loop is ignored; the definition from the enclosing scope is used
                 d:\download\tu anh-20201229t180627z-001\nghi\nghi's app\nghi's app\Memor.h(480) : definition of 'i' ignored
                 d:\download\tu anh-20201229t180627z-001\nghi\nghi's app\nghi's app\Memor.h(447) : definition of 'i' used
     1>d:\download\tu anh-20201229t180627z-001\nghi\nghi's app\nghi's app\Memor.h(486): warning C4258: 'i' : definition from the for loop is ignored; the definition from the enclosing scope is used
                 d:\download\tu anh-20201229t180627z-001\nghi\nghi's app\nghi's app\Memor.h(480) : definition of 'i' ignored
                 d:\download\tu anh-20201229t180627z-001\nghi\nghi's app\nghi's app\Memor.h(447) : definition of 'i' used
     1>d:\download\tu anh-20201229t180627z-001\nghi\nghi's app\nghi's app\Memor.h(487): warning C4258: 'i' : definition from the for loop is ignored; the definition from the enclosing scope is used
                 d:\download\tu anh-20201229t180627z-001\nghi\nghi's app\nghi's app\Memor.h(480) : definition of 'i' ignored
                 d:\download\tu anh-20201229t180627z-001\nghi\nghi's app\nghi's app\Memor.h(447) : definition of 'i' used
     1>d:\download\tu anh-20201229t180627z-001\nghi\nghi's app\nghi's app\Memor.h(488): warning C4258: 'i' : definition from the for loop is ignored; the definition from the enclosing scope is used
                 d:\download\tu anh-20201229t180627z-001\nghi\nghi's app\nghi's app\Memor.h(480) : definition of 'i' ignored
                 d:\download\tu anh-20201229t180627z-001\nghi\nghi's app\nghi's app\Memor.h(447) : definition of 'i' used
     1>d:\download\tu anh-20201229t180627z-001\nghi\nghi's app\nghi's app\Memor.h(489): warning C4258: 'i' : definition from the for loop is ignored; the definition from the enclosing scope is used
                 d:\download\tu anh-20201229t180627z-001\nghi\nghi's app\nghi's app\Memor.h(480) : definition of 'i' ignored
                 d:\download\tu anh-20201229t180627z-001\nghi\nghi's app\nghi's app\Memor.h(447) : definition of 'i' used
     1>d:\download\tu anh-20201229t180627z-001\nghi\nghi's app\nghi's app\MemorADD2.h(303): warning C4129: 's' : unrecognized character escape sequence
     1>d:\download\tu anh-20201229t180627z-001\nghi\nghi's app\nghi's app\Album.h(164): warning C4101: 'e' : unreferenced local variable
     1>d:\download\tu anh-20201229t180627z-001\nghi\nghi's app\nghi's app\Album.h(258): warning C4101: 'filename' : unreferenced local variable
         Generating Code...
       Link:
         C:\Program Files (x86)\Microsoft Visual Studio 12.0\VC\bin\link.exe /ERRORREPORT:PROMPT /OUT:"..\Debug\TuAnh-App.exe" /INCREMENTAL /NOLOGO kernel32.lib user32.lib gdi32.lib winspool.lib comdlg32.lib advapi32.lib shell32.lib ole32.lib oleaut32.lib uuid.lib odbc32.lib odbccp32.lib /ASSEMBLYRESOURCE:Debug\Nghisapp.Album.resources /ASSEMBLYRESOURCE:Debug\Nghisapp.Any.resources /ASSEMBLYRESOURCE:Debug\Nghisapp.Callendar.resources /ASSEMBLYRESOURCE:Debug\Nghisapp.CallendarADD.resources /ASSEMBLYRESOURCE:Debug\Nghisapp.CallendarALL.resources /ASSEMBLYRESOURCE:Debug\Nghisapp.CallendarDetail.resources /ASSEMBLYRESOURCE:Debug\Nghisapp.CallendarEdit.resources /ASSEMBLYRESOURCE:Debug\Nghisapp.InfoForm.resources /ASSEMBLYRESOURCE:Debug\Nghisapp.Memor.resources /ASSEMBLYRESOURCE:Debug\Nghisapp.MemorADD.resources /ASSEMBLYRESOURCE:Debug\Nghisapp.MemorADD1.resources /ASSEMBLYRESOURCE:Debug\Nghisapp.MemorADD2.resources /ASSEMBLYRESOURCE:Debug\Nghisapp.NNYT.resources /ASSEMBLYRESOURCE:Debug\Nghisapp.NNYTProgress.resources /ASSEMBLYRESOURCE:Debug\Nghisapp.Request.resources /ASSEMBLYRESOURCE:Debug\Nghisapp.Setting.resources /ASSEMBLYRESOURCE:Debug\Nghisapp.StartForm.resources /ASSEMBLYRESOURCE:Debug\Nghisapp.MyForm.resources /MANIFEST /MANIFESTUAC:"level='asInvoker' uiAccess='false'" /manifest:embed /DEBUG /PDB:"..\Debug\TuAnh-App.pdb" /SUBSYSTEM:WINDOWS /TLBID:1 /ENTRY:"main" /DYNAMICBASE /NXCOMPAT /IMPLIB:"..\Debug\TuAnh-App.lib" /MACHINE:X86 "Debug\Nghis app.res"
         Debug\Album.obj
         Debug\Any.obj
         Debug\Callendar.obj
         Debug\CallendarADD.obj
         Debug\CallendarALL.obj
         Debug\CallendarDetail.obj
         Debug\CallendarEdit.obj
         Debug\InfoForm1.obj
         Debug\Memor.obj
         Debug\MemorADD.obj
         Debug\MemorADD1.obj
         Debug\MemorADD2.obj
         Debug\MyForm1.obj
         Debug\MyUserControl.obj
         Debug\NNYT.obj
         Debug\NNYTProgress.obj
         Debug\Request.obj
         Debug\Setting.obj
         Debug\StartForm1.obj
         Debug\GUI.obj
         Nghi_s app.vcxproj -> D:\Download\Tu Anh-20201229T180627Z-001\Nghi\Nghi's app\Nghi's app\..\Debug\TuAnh-App.exe
     1>Done Building Project "D:\Download\Tu Anh-20201229T180627Z-001\Nghi\Nghi's app\Nghi's app\Nghi_s app.vcxproj" (Build target(s)).

Build succeeded.

Time Elapsed 00:00:25.76
